[2020-02-13T19:45:25.801] [DEBUG] cheese - login => username:admin,password:123456
[2020-02-13T19:45:25.803] [DEBUG] cheese - admin
[2020-02-13T19:45:27.392] [DEBUG] cheese - { inspect: [Function: inspect] }
[2020-02-13T19:45:27.394] [DEBUG] cheese - 查询失败
[2020-02-13T19:45:27.467] [DEBUG] cheese - login => username:admin,password:123456
[2020-02-13T19:45:27.467] [DEBUG] cheese - admin
[2020-02-13T19:45:27.470] [DEBUG] cheese - { inspect: [Function: inspect] }
[2020-02-13T19:45:27.471] [DEBUG] cheese - 查询失败
[2020-02-13T19:45:30.683] [DEBUG] cheese - login => username:admin,password:123456
[2020-02-13T19:45:30.683] [DEBUG] cheese - admin
[2020-02-13T19:45:30.686] [DEBUG] cheese - { inspect: [Function: inspect] }
[2020-02-13T19:45:30.686] [DEBUG] cheese - 查询失败
[2020-02-13T19:45:30.899] [DEBUG] cheese - login => username:admin,password:123456
[2020-02-13T19:45:30.899] [DEBUG] cheese - admin
[2020-02-13T19:45:30.903] [DEBUG] cheese - { inspect: [Function: inspect] }
[2020-02-13T19:45:30.903] [DEBUG] cheese - 查询失败
[2020-02-13T19:45:31.287] [DEBUG] cheese - login => username:admin,password:123456
[2020-02-13T19:45:31.287] [DEBUG] cheese - admin
[2020-02-13T19:45:31.291] [DEBUG] cheese - { inspect: [Function: inspect] }
[2020-02-13T19:45:31.291] [DEBUG] cheese - 查询失败
[2020-02-13T19:45:31.502] [DEBUG] cheese - login => username:admin,password:123456
[2020-02-13T19:45:31.502] [DEBUG] cheese - admin
[2020-02-13T19:45:31.506] [DEBUG] cheese - { inspect: [Function: inspect] }
[2020-02-13T19:45:31.506] [DEBUG] cheese - 查询失败
[2020-02-13T19:45:45.015] [DEBUG] cheese - login => username:admin,password:123456
[2020-02-13T19:45:45.015] [DEBUG] cheese - admin
[2020-02-13T19:45:45.022] [DEBUG] cheese - { inspect: [Function: inspect] }
[2020-02-13T19:45:45.022] [DEBUG] cheese - 查询失败
[2020-02-13T19:46:06.435] [DEBUG] cheese - login => username:admin,password:123456
[2020-02-13T19:46:06.435] [DEBUG] cheese - admin
[2020-02-13T19:46:06.439] [DEBUG] cheese - { inspect: [Function: inspect] }
[2020-02-13T19:46:06.439] [DEBUG] cheese - 查询失败
[2020-02-13T19:49:26.858] [DEBUG] cheese - login => username:admin,password:123456
[2020-02-13T19:49:26.858] [DEBUG] cheese - admin
[2020-02-13T19:49:26.868] [DEBUG] cheese - { inspect: [Function: inspect] }
[2020-02-13T19:49:26.868] [DEBUG] cheese - 查询失败
[2020-02-13T20:00:30.340] [DEBUG] cheese - login => username:admin,password:123456
[2020-02-13T20:00:30.341] [DEBUG] cheese - admin
[2020-02-13T20:00:30.355] [DEBUG] cheese - null
[2020-02-13T20:00:30.356] [DEBUG] cheese - null
[2020-02-13T22:02:02.098] [DEBUG] cheese - null
[2020-02-13T22:02:45.742] [DEBUG] cheese - null
[2020-02-13T22:08:34.348] [DEBUG] cheese - login => username:admin,password:123456
[2020-02-13T22:08:34.351] [DEBUG] cheese - admin
[2020-02-13T22:08:34.369] [DEBUG] cheese - null
[2020-02-13T22:08:34.370] [DEBUG] cheese - null
[2020-02-13T22:14:10.950] [DEBUG] cheese - null
[2020-02-13T22:15:28.011] [DEBUG] cheese - null
[2020-02-13T22:17:09.869] [DEBUG] cheese - null
[2020-02-13T22:17:30.557] [DEBUG] cheese - null
[2020-02-13T22:18:23.814] [DEBUG] cheese - null
[2020-02-13T22:24:47.094] [DEBUG] cheese - null
[2020-02-13T22:31:08.084] [DEBUG] cheese - null
[2020-02-13T22:32:58.924] [DEBUG] cheese - null
[2020-02-13T22:33:33.132] [DEBUG] cheese - null
[2020-02-13T22:43:41.416] [DEBUG] cheese - login => username:admin,password:123456
[2020-02-13T22:43:41.416] [DEBUG] cheese - admin
[2020-02-13T22:43:41.426] [DEBUG] cheese - null
[2020-02-13T22:43:41.426] [DEBUG] cheese - null
[2020-02-13T22:43:55.694] [DEBUG] cheese - null
[2020-02-13T22:47:26.147] [DEBUG] cheese - null
[2020-02-14T16:06:24.875] [DEBUG] cheese - login => username:admin,password:123456
[2020-02-14T16:06:24.876] [DEBUG] cheese - admin
[2020-02-14T16:06:24.888] [DEBUG] cheese - null
[2020-02-14T16:06:24.889] [DEBUG] cheese - null
[2020-02-14T16:10:58.995] [DEBUG] cheese - login => username:admin,password:123456
[2020-02-14T16:10:58.996] [DEBUG] cheese - admin
[2020-02-14T16:10:59.006] [DEBUG] cheese - null
[2020-02-14T16:10:59.007] [DEBUG] cheese - null
[2020-02-14T16:21:51.833] [DEBUG] cheese - login => username:admin,password:123456
[2020-02-14T16:21:51.835] [DEBUG] cheese - admin
[2020-02-14T16:21:51.846] [DEBUG] cheese - null
[2020-02-14T16:21:51.847] [DEBUG] cheese - null
[2020-02-14T16:25:44.593] [DEBUG] cheese - login => username:admin,password:123456
[2020-02-14T16:25:44.594] [DEBUG] cheese - admin
[2020-02-14T16:25:44.603] [DEBUG] cheese - null
[2020-02-14T16:25:44.603] [DEBUG] cheese - null
[2020-02-14T16:28:40.620] [DEBUG] cheese - login => username:admin,password:123456
[2020-02-14T16:28:40.621] [DEBUG] cheese - admin
[2020-02-14T16:28:40.631] [DEBUG] cheese - null
[2020-02-14T16:28:40.631] [DEBUG] cheese - null
[2020-02-14T16:31:05.301] [DEBUG] cheese - login => username:admin,password:123456
[2020-02-14T16:31:05.302] [DEBUG] cheese - admin
[2020-02-14T16:31:05.313] [DEBUG] cheese - null
[2020-02-14T16:31:05.313] [DEBUG] cheese - null
[2020-02-14T17:06:50.267] [DEBUG] cheese - login => username:admin,password:123456
[2020-02-14T17:06:50.270] [DEBUG] cheese - admin
[2020-02-14T17:06:50.322] [DEBUG] cheese - null
[2020-02-14T17:06:50.323] [DEBUG] cheese - null
[2020-02-16T12:55:37.978] [DEBUG] cheese - login => username:admin,password:123456
[2020-02-16T12:55:37.978] [DEBUG] cheese - admin
[2020-02-16T12:55:38.025] [DEBUG] cheese - null
[2020-02-16T12:55:38.025] [DEBUG] cheese - null
[2020-02-16T13:09:11.458] [DEBUG] cheese - login => username:admin,password:123456
[2020-02-16T13:09:11.458] [DEBUG] cheese - admin
[2020-02-16T13:09:11.468] [DEBUG] cheese - null
[2020-02-16T13:09:11.469] [DEBUG] cheese - null
[2020-02-21T10:09:25.819] [DEBUG] cheese - login => username:admin,password:123456
[2020-02-21T10:09:25.840] [DEBUG] cheese - admin
[2020-02-21T10:09:26.507] [DEBUG] cheese - null
[2020-02-21T10:09:26.520] [DEBUG] cheese - null
[2020-02-21T10:31:50.192] [DEBUG] cheese - login => username:admin,password:123456
[2020-02-21T10:31:50.192] [DEBUG] cheese - admin
[2020-02-21T10:31:50.203] [DEBUG] cheese - null
[2020-02-21T10:31:50.203] [DEBUG] cheese - null
[2020-02-21T21:04:33.749] [DEBUG] cheese - login => username:admin,password:123456
[2020-02-21T21:04:33.752] [DEBUG] cheese - admin
[2020-02-21T21:04:33.869] [DEBUG] cheese - null
[2020-02-21T21:04:33.870] [DEBUG] cheese - null
[2020-02-23T15:32:22.121] [DEBUG] cheese - login => username:admin,password:123456
[2020-02-23T15:32:22.125] [DEBUG] cheese - admin
[2020-02-23T15:32:22.200] [DEBUG] cheese - null
[2020-02-23T15:32:22.201] [DEBUG] cheese - null
[2020-02-24T12:54:03.678] [DEBUG] cheese - login => username:admin,password:123456
[2020-02-24T12:54:03.681] [DEBUG] cheese - admin
[2020-02-24T12:54:03.748] [DEBUG] cheese - null
[2020-02-24T12:54:03.749] [DEBUG] cheese - null
[2020-02-24T13:01:37.566] [DEBUG] cheese - login => username:admin,password:123456
[2020-02-24T13:01:37.568] [DEBUG] cheese - admin
[2020-02-24T13:01:37.903] [DEBUG] cheese - null
[2020-02-24T13:01:37.904] [DEBUG] cheese - null
[2020-02-24T16:03:22.041] [DEBUG] cheese - login => username:admin,password:123456
[2020-02-24T16:03:22.043] [DEBUG] cheese - admin
[2020-02-24T16:03:22.046] [DEBUG] cheese - null
[2020-02-24T16:03:22.047] [DEBUG] cheese - null
[2020-02-25T13:31:38.181] [DEBUG] cheese - login => username:admin,password:123456
[2020-02-25T13:31:38.189] [DEBUG] cheese - admin
[2020-02-25T13:31:38.197] [DEBUG] cheese - null
[2020-02-25T13:31:38.198] [DEBUG] cheese - null
[2020-02-25T14:00:05.477] [DEBUG] cheese - login => username:admin,password:123456
[2020-02-25T14:00:05.479] [DEBUG] cheese - admin
[2020-02-25T14:00:05.529] [DEBUG] cheese - null
[2020-02-25T14:00:05.529] [DEBUG] cheese - null
[2020-02-25T23:17:57.201] [DEBUG] cheese - login => username:admin,password:123456
[2020-02-25T23:17:57.203] [DEBUG] cheese - admin
[2020-02-25T23:17:57.207] [DEBUG] cheese - null
[2020-02-25T23:17:57.208] [DEBUG] cheese - null
[2020-02-26T11:02:20.996] [DEBUG] cheese - login => username:admin,password:123456
[2020-02-26T11:02:21.000] [DEBUG] cheese - admin
[2020-02-26T11:02:21.302] [DEBUG] cheese - null
[2020-02-26T11:02:21.304] [DEBUG] cheese - null
[2020-02-26T11:04:06.519] [DEBUG] cheese - null
[2020-02-26T11:09:18.693] [DEBUG] cheese - null
[2020-02-26T11:10:22.332] [DEBUG] cheese - null
[2020-02-26T11:11:00.067] [DEBUG] cheese - null
[2020-02-26T11:24:10.959] [DEBUG] cheese - login => username:admin,password:123456
[2020-02-26T11:24:10.961] [DEBUG] cheese - admin
[2020-02-26T11:24:10.973] [DEBUG] cheese - null
[2020-02-26T11:24:10.974] [DEBUG] cheese - null
[2020-02-26T17:41:28.836] [DEBUG] cheese - login => username:admin,password:123456
[2020-02-26T17:41:28.839] [DEBUG] cheese - admin
[2020-02-26T17:41:28.846] [DEBUG] cheese - null
[2020-02-26T17:41:28.847] [DEBUG] cheese - null
[2020-02-27T11:50:14.360] [DEBUG] cheese - login => username:admin,password:123456
[2020-02-27T11:50:14.362] [DEBUG] cheese - admin
[2020-02-27T11:50:14.637] [DEBUG] cheese - null
[2020-02-27T11:50:14.637] [DEBUG] cheese - null
[2020-02-27T15:01:46.358] [DEBUG] cheese - login => username:admin,password:123456
[2020-02-27T15:01:46.360] [DEBUG] cheese - admin
[2020-02-27T15:01:46.373] [DEBUG] cheese - null
[2020-02-27T15:01:46.373] [DEBUG] cheese - null
[2020-02-27T15:46:48.884] [DEBUG] cheese - login => username:admin,password:123456
[2020-02-27T15:46:48.887] [DEBUG] cheese - admin
[2020-02-27T15:46:48.925] [DEBUG] cheese - null
[2020-02-27T15:46:48.925] [DEBUG] cheese - null
[2020-02-27T16:59:24.311] [DEBUG] cheese - login => username:admin,password:123456
[2020-02-27T16:59:24.313] [DEBUG] cheese - admin
[2020-02-27T16:59:24.331] [DEBUG] cheese - null
[2020-02-27T16:59:24.332] [DEBUG] cheese - null
[2020-02-28T18:05:20.832] [DEBUG] cheese - login => username:admin,password:123456
[2020-02-28T18:05:20.833] [DEBUG] cheese - admin
[2020-02-28T18:05:21.342] [DEBUG] cheese - null
[2020-02-28T18:05:21.342] [DEBUG] cheese - null
[2020-02-28T18:14:09.284] [DEBUG] cheese - null
[2020-02-28T21:13:34.148] [DEBUG] cheese - login => username:admin,password:123456
[2020-02-28T21:13:34.152] [DEBUG] cheese - admin
[2020-02-28T21:13:34.188] [DEBUG] cheese - null
[2020-02-28T21:13:34.190] [DEBUG] cheese - null
[2020-02-28T21:18:02.997] [DEBUG] cheese - login => username:admin,password:123456
[2020-02-28T21:18:02.998] [DEBUG] cheese - admin
[2020-02-28T21:18:03.011] [DEBUG] cheese - null
[2020-02-28T21:18:03.012] [DEBUG] cheese - null
[2020-02-28T21:22:45.734] [DEBUG] cheese - login => username:admin,password:123456
[2020-02-28T21:22:45.735] [DEBUG] cheese - admin
[2020-02-28T21:22:45.746] [DEBUG] cheese - null
[2020-02-28T21:22:45.746] [DEBUG] cheese - null
[2020-02-28T21:59:11.976] [DEBUG] cheese - login => username:admin,password:123456
[2020-02-28T21:59:11.978] [DEBUG] cheese - admin
[2020-02-28T21:59:11.986] [DEBUG] cheese - null
[2020-02-28T21:59:11.987] [DEBUG] cheese - null
[2020-02-29T11:54:00.893] [DEBUG] cheese - login => username:222,password:1233
[2020-02-29T11:54:00.895] [DEBUG] cheese - 222
[2020-02-29T11:54:01.669] [DEBUG] cheese - null
[2020-02-29T11:54:01.671] [DEBUG] cheese - null
[2020-06-02T20:54:23.268] [DEBUG] cheese - login => username:admin,password:123456
[2020-06-02T20:54:23.271] [DEBUG] cheese - admin
[2020-06-02T20:54:24.342] [DEBUG] cheese - null
[2020-06-02T20:54:24.342] [DEBUG] cheese - null
